<?xml version="1.0" encoding="UTF-8"?>
<!-- Generated by org.testng.reporters.JUnitReportReporter -->
<testsuite hostname="Aurora" failures="0" tests="1" name="testCases.TC_001_AccountRegistrationTest" time="1.603" errors="0" timestamp="2024-09-18T17:32:41 IST" skipped="0">
  <testcase classname="testCases.TC_001_AccountRegistrationTest" name="verify_account_registration" time="1.603"/>
</testsuite> <!-- testCases.TC_001_AccountRegistrationTest -->
